{
  "RSpec": {
    "coverage": {
      "/Users/mohammadfaisalnazari/turing_be/mod_3/projects/final/whethersweater/whether_sweater/config/environment.rb": {
        "lines": [
          null,
          1,
          null,
          null,
          1
        ]
      },
      "/Users/mohammadfaisalnazari/turing_be/mod_3/projects/final/whethersweater/whether_sweater/config/application.rb": {
        "lines": [
          1,
          null,
          1,
          null,
          1,
          1,
          1,
          1,
          1,
          1,
          1,
          1,
          1,
          1,
          null,
          null,
          null,
          null,
          1,
          null,
          1,
          1,
          null,
          1,
          null,
          null,
          null,
          null,
          1,
          null,
          null,
          null,
          null,
          null,
          null,
          null,
          null,
          null,
          null,
          null,
          null,
          1,
          null,
          null
        ]
      },
      "/Users/mohammadfaisalnazari/turing_be/mod_3/projects/final/whethersweater/whether_sweater/config/boot.rb": {
        "lines": [
          1,
          null,
          1,
          1
        ]
      },
      "/Users/mohammadfaisalnazari/turing_be/mod_3/projects/final/whethersweater/whether_sweater/config/environments/test.rb": {
        "lines": [
          1,
          null,
          null,
          null,
          null,
          null,
          null,
          1,
          null,
          null,
          null,
          1,
          null,
          null,
          null,
          null,
          null,
          1,
          null,
          null,
          1,
          1,
          null,
          null,
          null,
          null,
          1,
          1,
          1,
          null,
          null,
          1,
          null,
          null,
          1,
          null,
          null,
          1,
          null,
          1,
          null,
          null,
          null,
          null,
          1,
          null,
          null,
          1,
          null,
          null,
          1,
          null,
          null,
          1,
          null,
          null,
          null,
          null,
          null,
          null,
          null,
          null,
          1,
          null
        ]
      },
      "/Users/mohammadfaisalnazari/turing_be/mod_3/projects/final/whethersweater/whether_sweater/config/initializers/cors.rb": {
        "lines": [
          null,
          null,
          null,
          null,
          null,
          null,
          null,
          null,
          null,
          null,
          null,
          null,
          null,
          null,
          null,
          null
        ]
      },
      "/Users/mohammadfaisalnazari/turing_be/mod_3/projects/final/whethersweater/whether_sweater/config/initializers/filter_parameter_logging.rb": {
        "lines": [
          null,
          null,
          null,
          null,
          null,
          1,
          null,
          null
        ]
      },
      "/Users/mohammadfaisalnazari/turing_be/mod_3/projects/final/whethersweater/whether_sweater/config/initializers/inflections.rb": {
        "lines": [
          null,
          null,
          null,
          null,
          null,
          null,
          null,
          null,
          null,
          null,
          null,
          null,
          null,
          null,
          null,
          null
        ]
      },
      "/Users/mohammadfaisalnazari/turing_be/mod_3/projects/final/whethersweater/whether_sweater/config/routes.rb": {
        "lines": [
          1,
          null,
          null,
          null,
          null,
          1,
          null,
          null,
          null,
          null,
          null,
          1,
          1,
          1,
          1,
          null,
          null,
          null,
          null,
          1,
          1,
          1,
          null,
          null,
          null,
          null
        ]
      },
      "/Users/mohammadfaisalnazari/turing_be/mod_3/projects/final/whethersweater/whether_sweater/app/facades/book_facade.rb": {
        "lines": [
          1,
          1,
          2,
          2,
          null,
          null,
          1,
          2,
          null,
          2,
          2,
          7,
          7,
          7,
          null,
          null,
          7,
          null,
          null,
          null,
          null,
          2,
          null,
          2,
          null,
          null,
          null
        ]
      },
      "/Users/mohammadfaisalnazari/turing_be/mod_3/projects/final/whethersweater/whether_sweater/spec/facades/weather_facade_spec.rb": {
        "lines": [
          1,
          1,
          1,
          2,
          1,
          null,
          1,
          null,
          null,
          null,
          null,
          null,
          null,
          null,
          null,
          null,
          null,
          null,
          null,
          null,
          null,
          null,
          null,
          null,
          null,
          null,
          null,
          null,
          null,
          null,
          null,
          null,
          null,
          null,
          null,
          null,
          null,
          null,
          null,
          null,
          null,
          null,
          null,
          null,
          null,
          null,
          null,
          null,
          null,
          null,
          null,
          null,
          null,
          null,
          null,
          null,
          null,
          null,
          null,
          null,
          null,
          null,
          null,
          null,
          null,
          null,
          null,
          null,
          null,
          null,
          null,
          null,
          null,
          null,
          null,
          null,
          null,
          null,
          null,
          null,
          null,
          null,
          null,
          null,
          null,
          null,
          null,
          null,
          null,
          null,
          null,
          null,
          null,
          null,
          null,
          null,
          null,
          null,
          null,
          null,
          null,
          null,
          null,
          null,
          null,
          null,
          null,
          null,
          null,
          null,
          null,
          null,
          null,
          null,
          null,
          null,
          null,
          null,
          null,
          null,
          null,
          null,
          null,
          null,
          1,
          1,
          1,
          null,
          1,
          1,
          null,
          1,
          null,
          null,
          null,
          null,
          null,
          null,
          null,
          null,
          null,
          null,
          null,
          null,
          null,
          null,
          null,
          null,
          null,
          null,
          null,
          null,
          null,
          null,
          null,
          null,
          null,
          null,
          null,
          null,
          null,
          null,
          null,
          null,
          null,
          null
        ]
      },
      "/Users/mohammadfaisalnazari/turing_be/mod_3/projects/final/whethersweater/whether_sweater/app/facades/weather_facade.rb": {
        "lines": [
          1,
          1,
          3,
          null,
          null,
          1,
          3,
          3,
          null,
          3,
          null,
          3,
          null,
          null,
          null,
          null,
          null,
          null,
          null,
          null,
          3,
          null,
          13,
          null,
          null,
          null,
          null,
          null,
          null,
          null,
          null,
          null,
          3,
          null,
          49,
          null,
          null,
          null,
          null,
          null,
          null,
          null,
          3,
          null,
          null,
          null,
          null,
          null
        ]
      },
      "/Users/mohammadfaisalnazari/turing_be/mod_3/projects/final/whethersweater/whether_sweater/spec/requests/api/v0/forecast_spec.rb": {
        "lines": [
          1,
          null,
          1,
          1,
          1,
          1,
          1,
          null,
          null,
          null,
          null,
          null,
          null,
          null,
          1,
          1,
          null,
          null,
          null,
          null,
          null,
          null,
          null,
          null,
          1,
          null,
          1,
          null,
          1,
          null,
          1,
          1,
          1,
          null,
          1,
          1,
          6,
          null,
          null,
          1,
          1,
          24,
          null,
          null,
          1,
          null,
          null,
          null,
          null
        ]
      },
      "/Users/mohammadfaisalnazari/turing_be/mod_3/projects/final/whethersweater/whether_sweater/spec/requests/api/v1/book_search_spec.rb": {
        "lines": [
          1,
          null,
          1,
          1,
          1,
          1,
          1,
          null,
          null,
          null,
          null,
          null,
          null,
          null,
          null,
          1,
          1,
          null,
          null,
          null,
          null,
          null,
          null,
          null,
          null,
          1,
          1,
          null,
          null,
          null,
          null,
          null,
          null,
          null,
          null,
          1,
          null,
          null,
          1,
          1,
          1,
          null,
          1,
          null,
          null,
          1,
          1,
          1,
          1,
          1,
          1,
          null,
          1,
          1,
          1,
          1,
          null,
          null,
          null
        ]
      },
      "/Users/mohammadfaisalnazari/turing_be/mod_3/projects/final/whethersweater/whether_sweater/spec/services/book_service_spec.rb": {
        "lines": [
          1,
          null,
          1,
          1,
          3,
          3,
          3,
          null,
          1,
          1,
          2,
          null,
          null,
          null,
          null,
          1,
          1,
          null,
          null,
          null,
          null,
          null,
          1,
          1,
          1,
          null,
          null,
          null,
          null
        ]
      },
      "/Users/mohammadfaisalnazari/turing_be/mod_3/projects/final/whethersweater/whether_sweater/app/services/book_service.rb": {
        "lines": [
          1,
          null,
          1,
          3,
          null,
          null,
          null,
          1,
          3,
          3,
          null,
          null,
          1,
          3,
          null,
          null
        ]
      },
      "/Users/mohammadfaisalnazari/turing_be/mod_3/projects/final/whethersweater/whether_sweater/spec/services/location_service_spec.rb": {
        "lines": [
          1,
          null,
          1,
          1,
          2,
          2,
          2,
          1,
          null,
          1,
          null,
          null,
          null,
          null,
          null,
          null,
          null,
          null,
          null,
          null,
          2,
          2,
          null,
          1,
          1,
          1,
          null,
          null,
          1,
          1,
          1,
          null,
          null,
          null
        ]
      },
      "/Users/mohammadfaisalnazari/turing_be/mod_3/projects/final/whethersweater/whether_sweater/app/services/location_service.rb": {
        "lines": [
          1,
          1,
          3,
          3,
          3,
          3,
          null,
          null,
          1,
          3,
          3,
          null,
          null,
          1,
          2,
          2,
          null,
          null,
          null
        ]
      },
      "/Users/mohammadfaisalnazari/turing_be/mod_3/projects/final/whethersweater/whether_sweater/app/services/forecast_service.rb": {
        "lines": [
          1,
          null,
          1,
          2,
          null,
          null,
          1,
          2,
          2,
          null,
          null,
          1,
          2,
          2,
          null,
          null,
          null
        ]
      },
      "/Users/mohammadfaisalnazari/turing_be/mod_3/projects/final/whethersweater/whether_sweater/app/controllers/api/v0/forecast_controller.rb": {
        "lines": [
          1,
          1,
          1,
          null,
          null,
          1,
          null,
          null,
          null,
          null,
          null,
          null,
          null,
          null,
          null,
          null,
          1,
          null,
          null
        ]
      },
      "/Users/mohammadfaisalnazari/turing_be/mod_3/projects/final/whethersweater/whether_sweater/app/controllers/application_controller.rb": {
        "lines": [
          1,
          null
        ]
      },
      "/Users/mohammadfaisalnazari/turing_be/mod_3/projects/final/whethersweater/whether_sweater/app/controllers/api/v1/book_search_controller.rb": {
        "lines": [
          1,
          1,
          1,
          1,
          null,
          null,
          1,
          null,
          null,
          null,
          null,
          null,
          null,
          null,
          null,
          null,
          null,
          null,
          5,
          null,
          null,
          null,
          null,
          1,
          null,
          null
        ]
      }
    },
    "timestamp": 1713808729
  }
}
